<?xml version="1.0" encoding="UTF-8"?>
<!-- Generated by org.testng.reporters.JUnitReportReporter -->
<testsuite hostname="MuraliKrishnaK" failures="0" tests="6" name="api.tests.DDTests" time="13.117" errors="0" timestamp="2023-12-19T15:34:57 IST" skipped="0">
  <testcase classname="api.tests.DDTests" name="testPostuser" time="1.542"/>
  <system-out/>
  <testcase classname="api.tests.DDTests" name="testPostuser" time="5.381"/>
  <system-out/>
  <testcase classname="api.tests.DDTests" name="testPostuser" time="1.530"/>
  <system-out/>
  <testcase classname="api.tests.DDTests" name="testDeleteUserByName" time="1.535"/>
  <system-out/>
  <testcase classname="api.tests.DDTests" name="testDeleteUserByName" time="1.597"/>
  <system-out/>
  <testcase classname="api.tests.DDTests" name="testDeleteUserByName" time="1.532"/>
  <system-out/>
</testsuite> <!-- api.tests.DDTests -->
