<?xml version="1.0" encoding="UTF-8"?>
<!-- Generated by org.testng.reporters.JUnitReportReporter -->
<testsuite hostname="MuraliKrishnaK" failures="0" tests="4" name="api.tests.UserTests" time="7.818" errors="0" timestamp="2023-12-19T15:34:57 IST" skipped="0">
  <testcase classname="api.tests.UserTests" name="testPostuser" time="1.689"/>
  <system-out/>
  <testcase classname="api.tests.UserTests" name="testgetUserByName" time="1.554"/>
  <system-out/>
  <testcase classname="api.tests.UserTests" name="testUpdateUserByName" time="3.053"/>
  <system-out/>
  <testcase classname="api.tests.UserTests" name="testDeleteUserByName" time="1.522"/>
  <system-out/>
</testsuite> <!-- api.tests.UserTests -->
