<?xml version="1.0" encoding="UTF-8"?>
<!-- Generated by org.testng.reporters.JUnitReportReporter -->
<testsuite hostname="MuraliKrishnaK" failures="0" tests="6" name="api.tests.DDTests" time="9.904" errors="0" timestamp="2023-12-19T17:12:26 IST" skipped="0">
  <testcase classname="api.tests.DDTests" name="testPostuser" time="1.201"/>
  <system-out/>
  <testcase classname="api.tests.DDTests" name="testPostuser" time="1.362"/>
  <system-out/>
  <testcase classname="api.tests.DDTests" name="testPostuser" time="3.413"/>
  <system-out/>
  <testcase classname="api.tests.DDTests" name="testDeleteUserByName" time="1.306"/>
  <system-out/>
  <testcase classname="api.tests.DDTests" name="testDeleteUserByName" time="1.273"/>
  <system-out/>
  <testcase classname="api.tests.DDTests" name="testDeleteUserByName" time="1.349"/>
  <system-out/>
</testsuite> <!-- api.tests.DDTests -->
